<?xml version="1.0" encoding="UTF-8"?>
<!-- Generated by org.testng.reporters.JUnitReportReporter -->
<testsuite hostname="DESKTOP-JM0E2D1" failures="0" tests="4" name="TestNG.Script" time="0.091" errors="0" timestamp="2024-11-27T11:57:23 IST" skipped="0">
  <testcase classname="TestNG.Script" name="signup" time="0.047"/>
  <system-out/>
  <testcase classname="TestNG.Script" name="login" time="0.014"/>
  <system-out/>
  <testcase classname="TestNG.Script" name="homepage" time="0.017"/>
  <system-out/>
  <testcase classname="TestNG.Script" name="logout" time="0.013"/>
  <system-out/>
</testsuite> <!-- TestNG.Script -->
