<?xml version="1.0" encoding="UTF-8"?>
<!-- Generated by org.testng.reporters.JUnitReportReporter -->
<testsuite hostname="DESKTOP-JM0E2D1" failures="0" tests="2" name="Script1" time="0.057" errors="0" timestamp="2024-11-26T12:07:40 IST" skipped="0">
  <testcase classname="Script1" name="Testcase1" time="0.016"/>
  <system-out>
    <![CDATA[Hello]]>
  </system-out>
  <testcase classname="Script1" name="Testcase" time="0.041"/>
  <system-out>
    <![CDATA[Morning]]>
  </system-out>
</testsuite> <!-- Script1 -->
